build/app/outputs/mapping/release/seeds.txt
com.wiwmedia.wiwsport.MainActivity: MainActivity()
com.wiwmedia.wiwsport.MainActivity
...
androidx.recyclerview.R$dimen: int item_touch_helper_swipe_escape_max_velocity
com.google.android.gms.internal.measurement.zzcd$zzi: com.google.android.gms.internal.measurement.zzcd$zzi zzg
com.pierfrancescosoffritti.androidyoutubeplayer.R$string: int ayp_open_video_in_youtube
com.onesignal.R$string: int common_google_play_services_update_text
com.mixpanel.android.java_websocket.drafts.Draft$CloseHandshakeType: com.mixpanel.android.java_websocket.drafts.Draft$CloseHandshakeType valueOf(java.lang.String)
com.pierfrancescosoffritti.androidyoutubeplayer.R$dimen: int abc_button_padding_vertical_material
com.google.firestore.v1.Value: int REFERENCE_VALUE_FIELD_NUMBER
com.facebook.ads.InterstitialAd: boolean show()
com.pierfrancescosoffritti.androidyoutubeplayer.R$id: int parentPanel
com.google.android.gms.internal.firebase-auth-api.zzey
androidx.appcompat.R$color: int primary_material_light
com.pierfrancescosoffritti.androidyoutubeplayer.R$id: int src_atop
com.google.ads.mediation.facebook.FacebookAdapter: com.facebook.ads.NativeAd mNativeAd
com.google.firestore.v1.Target: int RESUME_TOKEN_FIELD_NUMBER
cl.ceisufro.native_video_view.R$id: int notification_main_column_container
com.facebook.ads.internal.api.InitApi: int INIT_TYPE_PUBLIC_API
com.pichillilorenzo.flutter_inappwebview.R$style: int Base_Widget_AppCompat_Light_ActionBar_TabView
com.google.android.gms.measurement.AppMeasurement$ConditionalUserProperty: android.os.Bundle mExpiredEventParams
com.google.firebase.firestore.proto.NoDocument
com.google.android.gms.base.R$drawable: int common_google_signin_btn_text_dark
androidx.appcompat.R$attr: int actionOverflowButtonStyle
cl.ceisufro.native_video_view.R$id: int exo_player_surface_view
androidx.appcompat.R$color: int abc_btn_colored_text_material
androidx.appcompat.R$style: int Base_Widget_AppCompat_ListPopupWindow
com.facebook.common.R$style: int RtlOverlay_Widget_AppCompat_Search_DropDown_Icon1
com.pierfrancescosoffritti.androidyoutubeplayer.R$styleable: int AppCompatTheme_searchViewStyle
com.mixpanel.android.R$id: int line3
androidx.appcompat.widget.Toolbar: androidx.appcompat.widget.DecorToolbar getWrapper()
androidx.constraintlayout.widget.R$styleable: int ConstraintSet_android_rotationY
com.pichillilorenzo.flutter_inappwebview.ChromeCustomTabs.ChromeCustomTabsActivity: ChromeCustomTabsActivity()
com.google.firebase.heartbeatinfo.HeartBeatInfo$HeartBeat: com.google.firebase.heartbeatinfo.HeartBeatInfo$HeartBeat valueOf(java.lang.String)
androidx.core.R$drawable: int notification_bg_low_pressed
com.google.firebase.auth.internal.GenericIdpActivity: GenericIdpActivity()
com.pierfrancescosoffritti.androidyoutubeplayer.R$styleable: int AppCompatTheme_dialogTheme
com.google.android.gms.internal.ads.zzug$zzi: com.google.android.gms.internal.ads.zzug$zza zzccm
com.nover.flutternativeadmob.R$id: int browser_actions_menu_item_icon
com.onesignal.R$string: int common_signin_button_text_long
com.facebook.ads.FullScreenAd$ShowConfigBuilder
com.facebook.common.R$style: int Widget_AppCompat_SeekBar
androidx.appcompat.R$color: int abc_primary_text_material_dark
com.facebook.common.R$style: int Widget_AppCompat_Light_AutoCompleteTextView
com.facebook.GraphRequest$ParcelableResourceWithMimeType: android.os.Parcelable$Creator CREATOR
com.facebook.ads.internal.api.NativeAdBaseApi: java.lang.String getAdChoicesText()
com.pichillilorenzo.flutter_inappwebview.R$style: int Base_TextAppearance_AppCompat_Widget_ActionBar_Subtitle
com.google.android.exoplayer2.ui.TrackSelectionView: java.util.List getOverrides()
androidx.appcompat.R$drawable: int abc_tab_indicator_mtrl_alpha
com.google.android.gms.internal.ads.zzbbr: void setVideoPath(java.lang.String)
com.google.android.gms.internal.measurement.zzbv$zzb
androidx.appcompat.R$dimen: int abc_control_padding_material
com.facebook.internal.FacebookInitProvider
com.google.android.gms.internal.ads.zzepa$zzb$zza: com.google.android.gms.internal.ads.zzemx zzek