build/app/outputs/mapping/release/usage.txt
com.wiwmedia.wiwsport.R$id
com.wiwmedia.wiwsport.R$color
com.wiwmedia.wiwsport.R$integer
com.wiwmedia.wiwsport.R$layout
com.wiwmedia.wiwsport.R$string
com.wiwmedia.wiwsport.R$mipmap
com.wiwmedia.wiwsport.R$anim
com.wiwmedia.wiwsport.R$plurals
com.wiwmedia.wiwsport.R$drawable
com.wiwmedia.wiwsport.R$xml
com.wiwmedia.wiwsport.R$dimen
com.wiwmedia.wiwsport.R$menu
com.wiwmedia.wiwsport.R$attr
com.wiwmedia.wiwsport.R$raw
com.wiwmedia.wiwsport.R$bool
com.wiwmedia.wiwsport.R$array
com.wiwmedia.wiwsport.R$style
com.wiwmedia.wiwsport.BuildConfig
com.wiwmedia.wiwsport.R
com.wiwmedia.wiwsport.R$animator
com.wiwmedia.wiwsport.R$styleable
com.wiwmedia.wiwsport.R$font
...
com.google.android.exoplayer2.C$Projection
com.google.android.gms.ads.search.DynamicHeightSearchAdRequest
com.google.common.hash.AbstractNonStreamingHashFunction$ExposedByteArrayOutputStream
com.google.android.exoplayer2.source.dash.DashMediaSource:
    public void replaceManifestUri(android.net.Uri)
    public java.lang.Object getTag()
    public static final long DEFAULT_FALLBACK_TARGET_LIVE_OFFSET_MS
    public static final long DEFAULT_LIVE_PRESENTATION_DELAY_MS
    public static final java.lang.String DEFAULT_MEDIA_ID
    private static final long DEFAULT_NOTIFY_MANIFEST_INTERVAL_MS
    private static final long MIN_LIVE_DEFAULT_START_POSITION_US
    private static final java.lang.String TAG
com.google.firebase.auth.ActionCodeResult:
    public abstract java.lang.String getData(int)
    public static final int PASSWORD_RESET
    public static final int VERIFY_EMAIL
    public static final int RECOVER_EMAIL
    public static final int ERROR
    public static final int SIGN_IN_WITH_EMAIL_LINK
    public static final int VERIFY_BEFORE_CHANGE_EMAIL
    public static final int REVERT_SECOND_FACTOR_ADDITION
    public static final int EMAIL
    public static final int FROM_EMAIL
com.google.android.gms.dynamic.FragmentWrapper
com.bumptech.glide.request.target.ViewTarget
androidx.media2.session.MediaSessionLegacyStub$8
com.google.zxing.common.GridSampler
bolts.WebViewAppLinkResolver$2$1
io.flutter.plugins.share.R$string
androidx.core.widget.ListViewCompat:
    public static boolean canScrollList(android.widget.ListView,int)
    private void <init>()
com.google.android.gms.common.FirstPartyScopes
com.google.android.exoplayer2.util.Util:
    private void <init>()
    public static android.content.ComponentName startForegroundService(android.content.Context,android.content.Intent)
    public static varargs boolean maybeRequestReadExternalStoragePermission(android.app.Activity,android.net.Uri[])
    public static varargs boolean maybeRequestReadExternalStoragePermission(android.app.Activity,com.google.android.exoplayer2.MediaItem[])
    public static varargs boolean checkCleartextTrafficPermitted(com.google.android.exoplayer2.MediaItem[])
    public static void nullSafeListToArray(java.util.List,java.lang.Object[])
    public static byte[] readToEnd(com.google.android.exoplayer2.upstream.DataSource)
    public static byte[] readExactly(com.google.android.exoplayer2.upstream.DataSource,int)
    public static int linearSearch(long[],long)
    public static int binarySearchCeil(int[],int,boolean,boolean)
    public static long minValue(android.util.SparseLongArray)
    public static int getIntegerCodeForString(java.lang.String)
    public static java.lang.String toHexString(byte[])
    public static int getAudioUsageForStreamType(int)
    public static int getAudioContentTypeForStreamType(int)
    public static java.util.UUID getDrmUuid(java.lang.String)
    public static int inferContentType(android.net.Uri,java.lang.String)
    public static java.lang.String getAdaptiveMimeTypeForContentType(int)
com.google.protobuf.Duration$Builder
com.google.protobuf.CodedOutputStream$AbstractBufferedEncoder:
    public final int getTotalBytesWritten()
com.google.api.Page$1
com.google.android.gms.common.zab
com.google.android.gms.common.config.zza
androidx.browser.browseractions.BrowserActionsIntent$BrowserActionsFallDialogListener
kotlinx.coroutines.channels.AbstractChannel$Itr
com.facebook.appevents.internal.SourceApplicationInfo:
    synthetic void <init>(java.lang.String,boolean,com.facebook.appevents.internal.SourceApplicationInfo$1)
    public java.lang.String getCallingApplicationPackage()
    public boolean isOpenedByAppLink()
    private static final java.lang.String SOURCE_APPLICATION_HAS_BEEN_SET_BY_THIS_INTENT
    private static final java.lang.String CALL_APPLICATION_PACKAGE_KEY
    private static final java.lang.String OPENED_BY_APP_LINK_KEY
com.google.protobuf.BufferAllocator